<?xml version="1.0" encoding="UTF-8"?>
<!-- Generated by org.testng.reporters.JUnitReportReporter -->
<testsuite hostname="LAPTOP-BAG891I7" failures="0" tests="1" name="teststeps.EmailTest" time="10.357" errors="0" timestamp="2022-03-27T20:18:22 CEST" skipped="0">
  <testcase classname="teststeps.EmailTest" name="fillEmail" time="10.357"/>
  <system-out/>
</testsuite> <!-- teststeps.EmailTest -->
