<?xml version="1.0" encoding="UTF-8"?>
<!-- Generated by org.testng.reporters.JUnitReportReporter -->
<testsuite hostname="LAPTOP-BAG891I7" failures="0" tests="2" name="teststeps.HomeTest" time="13.829" errors="0" timestamp="2022-03-27T20:18:22 CEST" skipped="0">
  <testcase classname="teststeps.HomeTest" name="verifyHomePageTitle" time="5.700"/>
  <system-out/>
  <testcase classname="teststeps.HomeTest" name="openUrl" time="8.129"/>
  <system-out/>
</testsuite> <!-- teststeps.HomeTest -->
