<?xml version="1.0" encoding="UTF-8"?>
<!-- Generated by org.testng.reporters.JUnitReportReporter -->
<testsuite hostname="LAPTOP-BAG891I7" failures="0" tests="2" name="teststeps.FormTest" time="20.381" errors="0" timestamp="2022-03-27T20:18:22 CEST" skipped="0">
  <testcase classname="teststeps.FormTest" name="formPageTitleVerify" time="9.652"/>
  <system-out/>
  <testcase classname="teststeps.FormTest" name="verifyFormErrorMessage" time="10.729"/>
  <system-out/>
</testsuite> <!-- teststeps.FormTest -->
